[2024-03-24 04:54:32] local.ERROR: syntax error, unexpected token "->" {"exception":"[object] (ParseError(code: 0): syntax error, unexpected token \"->\" at C:\\wamp64\\www\\wizarding_world_API_mashup\\lumen\\app\\Http\\Controllers\\CharacterController.php:16)
[stacktrace]
#0 C:\\wamp64\\www\\wizarding_world_API_mashup\\lumen\\vendor\\composer\\ClassLoader.php(428): Composer\\Autoload\\includeFile('C:\\\\wamp64\\\\www\\\\w...')
#1 [internal function]: Composer\\Autoload\\ClassLoader->loadClass('App\\\\Http\\\\Contro...')
#2 C:\\wamp64\\www\\wizarding_world_API_mashup\\lumen\\vendor\\illuminate\\container\\Container.php(877): ReflectionClass->__construct('App\\\\Http\\\\Contro...')
#3 C:\\wamp64\\www\\wizarding_world_API_mashup\\lumen\\vendor\\illuminate\\container\\Container.php(758): Illuminate\\Container\\Container->build('App\\\\Http\\\\Contro...')
#4 C:\\wamp64\\www\\wizarding_world_API_mashup\\lumen\\vendor\\illuminate\\container\\Container.php(694): Illuminate\\Container\\Container->resolve('App\\\\Http\\\\Contro...', Array)
#5 C:\\wamp64\\www\\wizarding_world_API_mashup\\lumen\\vendor\\laravel\\lumen-framework\\src\\Application.php(300): Illuminate\\Container\\Container->make('App\\\\Http\\\\Contro...', Array)
#6 C:\\wamp64\\www\\wizarding_world_API_mashup\\lumen\\vendor\\laravel\\lumen-framework\\src\\Concerns\\RoutesRequests.php(324): Laravel\\Lumen\\Application->make('App\\\\Http\\\\Contro...')
#7 C:\\wamp64\\www\\wizarding_world_API_mashup\\lumen\\vendor\\laravel\\lumen-framework\\src\\Concerns\\RoutesRequests.php(282): Laravel\\Lumen\\Application->callControllerAction(Array)
#8 C:\\wamp64\\www\\wizarding_world_API_mashup\\lumen\\vendor\\laravel\\lumen-framework\\src\\Concerns\\RoutesRequests.php(267): Laravel\\Lumen\\Application->callActionOnArrayBasedRoute(Array)
#9 C:\\wamp64\\www\\wizarding_world_API_mashup\\lumen\\vendor\\laravel\\lumen-framework\\src\\Concerns\\RoutesRequests.php(169): Laravel\\Lumen\\Application->handleFoundRoute(Array)
#10 C:\\wamp64\\www\\wizarding_world_API_mashup\\lumen\\vendor\\laravel\\lumen-framework\\src\\Routing\\Pipeline.php(48): Laravel\\Lumen\\Application->Laravel\\Lumen\\Concerns\\{closure}(Object(Laravel\\Lumen\\Http\\Request))
#11 C:\\wamp64\\www\\wizarding_world_API_mashup\\lumen\\app\\Http\\Middleware\\CorsMiddleware.php(30): Laravel\\Lumen\\Routing\\Pipeline->Laravel\\Lumen\\Routing\\{closure}(Object(Laravel\\Lumen\\Http\\Request))
#12 C:\\wamp64\\www\\wizarding_world_API_mashup\\lumen\\vendor\\illuminate\\pipeline\\Pipeline.php(167): App\\Http\\Middleware\\CorsMiddleware->handle(Object(Laravel\\Lumen\\Http\\Request), Object(Closure))
#13 C:\\wamp64\\www\\wizarding_world_API_mashup\\lumen\\vendor\\laravel\\lumen-framework\\src\\Routing\\Pipeline.php(30): Illuminate\\Pipeline\\Pipeline->Illuminate\\Pipeline\\{closure}(Object(Laravel\\Lumen\\Http\\Request))
#14 C:\\wamp64\\www\\wizarding_world_API_mashup\\lumen\\vendor\\illuminate\\pipeline\\Pipeline.php(103): Laravel\\Lumen\\Routing\\Pipeline->Laravel\\Lumen\\Routing\\{closure}(Object(Laravel\\Lumen\\Http\\Request))
#15 C:\\wamp64\\www\\wizarding_world_API_mashup\\lumen\\vendor\\laravel\\lumen-framework\\src\\Concerns\\RoutesRequests.php(426): Illuminate\\Pipeline\\Pipeline->then(Object(Closure))
#16 C:\\wamp64\\www\\wizarding_world_API_mashup\\lumen\\vendor\\laravel\\lumen-framework\\src\\Concerns\\RoutesRequests.php(175): Laravel\\Lumen\\Application->sendThroughPipeline(Array, Object(Closure))
#17 C:\\wamp64\\www\\wizarding_world_API_mashup\\lumen\\vendor\\laravel\\lumen-framework\\src\\Concerns\\RoutesRequests.php(112): Laravel\\Lumen\\Application->dispatch(NULL)
#18 C:\\wamp64\\www\\wizarding_world_API_mashup\\lumen\\public\\index.php(28): Laravel\\Lumen\\Application->run()
#19 {main}
"} 
