[2024-03-11 19:10:05] local.ERROR: Target class [App\Http\Controllers\BooksController] does not exist. {"exception":"[object] (Illuminate\\Contracts\\Container\\BindingResolutionException(code: 0): Target class [App\\Http\\Controllers\\BooksController] does not exist. at C:\\wamp64\\www\\lumen\\vendor\\illuminate\\container\\Container.php:879)
[stacktrace]
#0 C:\\wamp64\\www\\lumen\\vendor\\illuminate\\container\\Container.php(758): Illuminate\\Container\\Container->build('App\\\\Http\\\\Contro...')
#1 C:\\wamp64\\www\\lumen\\vendor\\illuminate\\container\\Container.php(694): Illuminate\\Container\\Container->resolve('App\\\\Http\\\\Contro...', Array)
#2 C:\\wamp64\\www\\lumen\\vendor\\laravel\\lumen-framework\\src\\Application.php(300): Illuminate\\Container\\Container->make('App\\\\Http\\\\Contro...', Array)
#3 C:\\wamp64\\www\\lumen\\vendor\\laravel\\lumen-framework\\src\\Concerns\\RoutesRequests.php(324): Laravel\\Lumen\\Application->make('App\\\\Http\\\\Contro...')
#4 C:\\wamp64\\www\\lumen\\vendor\\laravel\\lumen-framework\\src\\Concerns\\RoutesRequests.php(282): Laravel\\Lumen\\Application->callControllerAction(Array)
#5 C:\\wamp64\\www\\lumen\\vendor\\laravel\\lumen-framework\\src\\Concerns\\RoutesRequests.php(267): Laravel\\Lumen\\Application->callActionOnArrayBasedRoute(Array)
#6 C:\\wamp64\\www\\lumen\\vendor\\laravel\\lumen-framework\\src\\Concerns\\RoutesRequests.php(169): Laravel\\Lumen\\Application->handleFoundRoute(Array)
#7 C:\\wamp64\\www\\lumen\\vendor\\laravel\\lumen-framework\\src\\Concerns\\RoutesRequests.php(429): Laravel\\Lumen\\Application->Laravel\\Lumen\\Concerns\\{closure}(Object(Laravel\\Lumen\\Http\\Request))
#8 C:\\wamp64\\www\\lumen\\vendor\\laravel\\lumen-framework\\src\\Concerns\\RoutesRequests.php(175): Laravel\\Lumen\\Application->sendThroughPipeline(Array, Object(Closure))
#9 C:\\wamp64\\www\\lumen\\vendor\\laravel\\lumen-framework\\src\\Concerns\\RoutesRequests.php(112): Laravel\\Lumen\\Application->dispatch(NULL)
#10 C:\\wamp64\\www\\lumen\\public\\index.php(28): Laravel\\Lumen\\Application->run()
#11 {main}

[previous exception] [object] (ReflectionException(code: -1): Class \"App\\Http\\Controllers\\BooksController\" does not exist at C:\\wamp64\\www\\lumen\\vendor\\illuminate\\container\\Container.php:877)
[stacktrace]
#0 C:\\wamp64\\www\\lumen\\vendor\\illuminate\\container\\Container.php(877): ReflectionClass->__construct('App\\\\Http\\\\Contro...')
#1 C:\\wamp64\\www\\lumen\\vendor\\illuminate\\container\\Container.php(758): Illuminate\\Container\\Container->build('App\\\\Http\\\\Contro...')
#2 C:\\wamp64\\www\\lumen\\vendor\\illuminate\\container\\Container.php(694): Illuminate\\Container\\Container->resolve('App\\\\Http\\\\Contro...', Array)
#3 C:\\wamp64\\www\\lumen\\vendor\\laravel\\lumen-framework\\src\\Application.php(300): Illuminate\\Container\\Container->make('App\\\\Http\\\\Contro...', Array)
#4 C:\\wamp64\\www\\lumen\\vendor\\laravel\\lumen-framework\\src\\Concerns\\RoutesRequests.php(324): Laravel\\Lumen\\Application->make('App\\\\Http\\\\Contro...')
#5 C:\\wamp64\\www\\lumen\\vendor\\laravel\\lumen-framework\\src\\Concerns\\RoutesRequests.php(282): Laravel\\Lumen\\Application->callControllerAction(Array)
#6 C:\\wamp64\\www\\lumen\\vendor\\laravel\\lumen-framework\\src\\Concerns\\RoutesRequests.php(267): Laravel\\Lumen\\Application->callActionOnArrayBasedRoute(Array)
#7 C:\\wamp64\\www\\lumen\\vendor\\laravel\\lumen-framework\\src\\Concerns\\RoutesRequests.php(169): Laravel\\Lumen\\Application->handleFoundRoute(Array)
#8 C:\\wamp64\\www\\lumen\\vendor\\laravel\\lumen-framework\\src\\Concerns\\RoutesRequests.php(429): Laravel\\Lumen\\Application->Laravel\\Lumen\\Concerns\\{closure}(Object(Laravel\\Lumen\\Http\\Request))
#9 C:\\wamp64\\www\\lumen\\vendor\\laravel\\lumen-framework\\src\\Concerns\\RoutesRequests.php(175): Laravel\\Lumen\\Application->sendThroughPipeline(Array, Object(Closure))
#10 C:\\wamp64\\www\\lumen\\vendor\\laravel\\lumen-framework\\src\\Concerns\\RoutesRequests.php(112): Laravel\\Lumen\\Application->dispatch(NULL)
#11 C:\\wamp64\\www\\lumen\\public\\index.php(28): Laravel\\Lumen\\Application->run()
#12 {main}
"} 
[2024-03-11 19:10:59] local.ERROR: Target class [App\Http\Controllers\BooksController] does not exist. {"exception":"[object] (Illuminate\\Contracts\\Container\\BindingResolutionException(code: 0): Target class [App\\Http\\Controllers\\BooksController] does not exist. at C:\\wamp64\\www\\lumen\\vendor\\illuminate\\container\\Container.php:879)
[stacktrace]
#0 C:\\wamp64\\www\\lumen\\vendor\\illuminate\\container\\Container.php(758): Illuminate\\Container\\Container->build('App\\\\Http\\\\Contro...')
#1 C:\\wamp64\\www\\lumen\\vendor\\illuminate\\container\\Container.php(694): Illuminate\\Container\\Container->resolve('App\\\\Http\\\\Contro...', Array)
#2 C:\\wamp64\\www\\lumen\\vendor\\laravel\\lumen-framework\\src\\Application.php(300): Illuminate\\Container\\Container->make('App\\\\Http\\\\Contro...', Array)
#3 C:\\wamp64\\www\\lumen\\vendor\\laravel\\lumen-framework\\src\\Concerns\\RoutesRequests.php(324): Laravel\\Lumen\\Application->make('App\\\\Http\\\\Contro...')
#4 C:\\wamp64\\www\\lumen\\vendor\\laravel\\lumen-framework\\src\\Concerns\\RoutesRequests.php(282): Laravel\\Lumen\\Application->callControllerAction(Array)
#5 C:\\wamp64\\www\\lumen\\vendor\\laravel\\lumen-framework\\src\\Concerns\\RoutesRequests.php(267): Laravel\\Lumen\\Application->callActionOnArrayBasedRoute(Array)
#6 C:\\wamp64\\www\\lumen\\vendor\\laravel\\lumen-framework\\src\\Concerns\\RoutesRequests.php(169): Laravel\\Lumen\\Application->handleFoundRoute(Array)
#7 C:\\wamp64\\www\\lumen\\vendor\\laravel\\lumen-framework\\src\\Concerns\\RoutesRequests.php(429): Laravel\\Lumen\\Application->Laravel\\Lumen\\Concerns\\{closure}(Object(Laravel\\Lumen\\Http\\Request))
#8 C:\\wamp64\\www\\lumen\\vendor\\laravel\\lumen-framework\\src\\Concerns\\RoutesRequests.php(175): Laravel\\Lumen\\Application->sendThroughPipeline(Array, Object(Closure))
#9 C:\\wamp64\\www\\lumen\\vendor\\laravel\\lumen-framework\\src\\Concerns\\RoutesRequests.php(112): Laravel\\Lumen\\Application->dispatch(NULL)
#10 C:\\wamp64\\www\\lumen\\public\\index.php(28): Laravel\\Lumen\\Application->run()
#11 {main}

[previous exception] [object] (ReflectionException(code: -1): Class \"App\\Http\\Controllers\\BooksController\" does not exist at C:\\wamp64\\www\\lumen\\vendor\\illuminate\\container\\Container.php:877)
[stacktrace]
#0 C:\\wamp64\\www\\lumen\\vendor\\illuminate\\container\\Container.php(877): ReflectionClass->__construct('App\\\\Http\\\\Contro...')
#1 C:\\wamp64\\www\\lumen\\vendor\\illuminate\\container\\Container.php(758): Illuminate\\Container\\Container->build('App\\\\Http\\\\Contro...')
#2 C:\\wamp64\\www\\lumen\\vendor\\illuminate\\container\\Container.php(694): Illuminate\\Container\\Container->resolve('App\\\\Http\\\\Contro...', Array)
#3 C:\\wamp64\\www\\lumen\\vendor\\laravel\\lumen-framework\\src\\Application.php(300): Illuminate\\Container\\Container->make('App\\\\Http\\\\Contro...', Array)
#4 C:\\wamp64\\www\\lumen\\vendor\\laravel\\lumen-framework\\src\\Concerns\\RoutesRequests.php(324): Laravel\\Lumen\\Application->make('App\\\\Http\\\\Contro...')
#5 C:\\wamp64\\www\\lumen\\vendor\\laravel\\lumen-framework\\src\\Concerns\\RoutesRequests.php(282): Laravel\\Lumen\\Application->callControllerAction(Array)
#6 C:\\wamp64\\www\\lumen\\vendor\\laravel\\lumen-framework\\src\\Concerns\\RoutesRequests.php(267): Laravel\\Lumen\\Application->callActionOnArrayBasedRoute(Array)
#7 C:\\wamp64\\www\\lumen\\vendor\\laravel\\lumen-framework\\src\\Concerns\\RoutesRequests.php(169): Laravel\\Lumen\\Application->handleFoundRoute(Array)
#8 C:\\wamp64\\www\\lumen\\vendor\\laravel\\lumen-framework\\src\\Concerns\\RoutesRequests.php(429): Laravel\\Lumen\\Application->Laravel\\Lumen\\Concerns\\{closure}(Object(Laravel\\Lumen\\Http\\Request))
#9 C:\\wamp64\\www\\lumen\\vendor\\laravel\\lumen-framework\\src\\Concerns\\RoutesRequests.php(175): Laravel\\Lumen\\Application->sendThroughPipeline(Array, Object(Closure))
#10 C:\\wamp64\\www\\lumen\\vendor\\laravel\\lumen-framework\\src\\Concerns\\RoutesRequests.php(112): Laravel\\Lumen\\Application->dispatch(NULL)
#11 C:\\wamp64\\www\\lumen\\public\\index.php(28): Laravel\\Lumen\\Application->run()
#12 {main}
"} 
[2024-03-11 19:17:24] local.ERROR: Target class [App\Http\Controllers\BooksController] does not exist. {"exception":"[object] (Illuminate\\Contracts\\Container\\BindingResolutionException(code: 0): Target class [App\\Http\\Controllers\\BooksController] does not exist. at C:\\wamp64\\www\\lumen\\vendor\\illuminate\\container\\Container.php:879)
[stacktrace]
#0 C:\\wamp64\\www\\lumen\\vendor\\illuminate\\container\\Container.php(758): Illuminate\\Container\\Container->build('App\\\\Http\\\\Contro...')
#1 C:\\wamp64\\www\\lumen\\vendor\\illuminate\\container\\Container.php(694): Illuminate\\Container\\Container->resolve('App\\\\Http\\\\Contro...', Array)
#2 C:\\wamp64\\www\\lumen\\vendor\\laravel\\lumen-framework\\src\\Application.php(300): Illuminate\\Container\\Container->make('App\\\\Http\\\\Contro...', Array)
#3 C:\\wamp64\\www\\lumen\\vendor\\laravel\\lumen-framework\\src\\Concerns\\RoutesRequests.php(324): Laravel\\Lumen\\Application->make('App\\\\Http\\\\Contro...')
#4 C:\\wamp64\\www\\lumen\\vendor\\laravel\\lumen-framework\\src\\Concerns\\RoutesRequests.php(282): Laravel\\Lumen\\Application->callControllerAction(Array)
#5 C:\\wamp64\\www\\lumen\\vendor\\laravel\\lumen-framework\\src\\Concerns\\RoutesRequests.php(267): Laravel\\Lumen\\Application->callActionOnArrayBasedRoute(Array)
#6 C:\\wamp64\\www\\lumen\\vendor\\laravel\\lumen-framework\\src\\Concerns\\RoutesRequests.php(169): Laravel\\Lumen\\Application->handleFoundRoute(Array)
#7 C:\\wamp64\\www\\lumen\\vendor\\laravel\\lumen-framework\\src\\Concerns\\RoutesRequests.php(429): Laravel\\Lumen\\Application->Laravel\\Lumen\\Concerns\\{closure}(Object(Laravel\\Lumen\\Http\\Request))
#8 C:\\wamp64\\www\\lumen\\vendor\\laravel\\lumen-framework\\src\\Concerns\\RoutesRequests.php(175): Laravel\\Lumen\\Application->sendThroughPipeline(Array, Object(Closure))
#9 C:\\wamp64\\www\\lumen\\vendor\\laravel\\lumen-framework\\src\\Concerns\\RoutesRequests.php(112): Laravel\\Lumen\\Application->dispatch(NULL)
#10 C:\\wamp64\\www\\lumen\\public\\index.php(28): Laravel\\Lumen\\Application->run()
#11 {main}

[previous exception] [object] (ReflectionException(code: -1): Class \"App\\Http\\Controllers\\BooksController\" does not exist at C:\\wamp64\\www\\lumen\\vendor\\illuminate\\container\\Container.php:877)
[stacktrace]
#0 C:\\wamp64\\www\\lumen\\vendor\\illuminate\\container\\Container.php(877): ReflectionClass->__construct('App\\\\Http\\\\Contro...')
#1 C:\\wamp64\\www\\lumen\\vendor\\illuminate\\container\\Container.php(758): Illuminate\\Container\\Container->build('App\\\\Http\\\\Contro...')
#2 C:\\wamp64\\www\\lumen\\vendor\\illuminate\\container\\Container.php(694): Illuminate\\Container\\Container->resolve('App\\\\Http\\\\Contro...', Array)
#3 C:\\wamp64\\www\\lumen\\vendor\\laravel\\lumen-framework\\src\\Application.php(300): Illuminate\\Container\\Container->make('App\\\\Http\\\\Contro...', Array)
#4 C:\\wamp64\\www\\lumen\\vendor\\laravel\\lumen-framework\\src\\Concerns\\RoutesRequests.php(324): Laravel\\Lumen\\Application->make('App\\\\Http\\\\Contro...')
#5 C:\\wamp64\\www\\lumen\\vendor\\laravel\\lumen-framework\\src\\Concerns\\RoutesRequests.php(282): Laravel\\Lumen\\Application->callControllerAction(Array)
#6 C:\\wamp64\\www\\lumen\\vendor\\laravel\\lumen-framework\\src\\Concerns\\RoutesRequests.php(267): Laravel\\Lumen\\Application->callActionOnArrayBasedRoute(Array)
#7 C:\\wamp64\\www\\lumen\\vendor\\laravel\\lumen-framework\\src\\Concerns\\RoutesRequests.php(169): Laravel\\Lumen\\Application->handleFoundRoute(Array)
#8 C:\\wamp64\\www\\lumen\\vendor\\laravel\\lumen-framework\\src\\Concerns\\RoutesRequests.php(429): Laravel\\Lumen\\Application->Laravel\\Lumen\\Concerns\\{closure}(Object(Laravel\\Lumen\\Http\\Request))
#9 C:\\wamp64\\www\\lumen\\vendor\\laravel\\lumen-framework\\src\\Concerns\\RoutesRequests.php(175): Laravel\\Lumen\\Application->sendThroughPipeline(Array, Object(Closure))
#10 C:\\wamp64\\www\\lumen\\vendor\\laravel\\lumen-framework\\src\\Concerns\\RoutesRequests.php(112): Laravel\\Lumen\\Application->dispatch(NULL)
#11 C:\\wamp64\\www\\lumen\\public\\index.php(28): Laravel\\Lumen\\Application->run()
#12 {main}
"} 
[2024-03-11 19:17:59] local.ERROR: Target class [App\Http\Controllers\BooksController] does not exist. {"exception":"[object] (Illuminate\\Contracts\\Container\\BindingResolutionException(code: 0): Target class [App\\Http\\Controllers\\BooksController] does not exist. at C:\\wamp64\\www\\lumen\\vendor\\illuminate\\container\\Container.php:879)
[stacktrace]
#0 C:\\wamp64\\www\\lumen\\vendor\\illuminate\\container\\Container.php(758): Illuminate\\Container\\Container->build('App\\\\Http\\\\Contro...')
#1 C:\\wamp64\\www\\lumen\\vendor\\illuminate\\container\\Container.php(694): Illuminate\\Container\\Container->resolve('App\\\\Http\\\\Contro...', Array)
#2 C:\\wamp64\\www\\lumen\\vendor\\laravel\\lumen-framework\\src\\Application.php(300): Illuminate\\Container\\Container->make('App\\\\Http\\\\Contro...', Array)
#3 C:\\wamp64\\www\\lumen\\vendor\\laravel\\lumen-framework\\src\\Concerns\\RoutesRequests.php(324): Laravel\\Lumen\\Application->make('App\\\\Http\\\\Contro...')
#4 C:\\wamp64\\www\\lumen\\vendor\\laravel\\lumen-framework\\src\\Concerns\\RoutesRequests.php(282): Laravel\\Lumen\\Application->callControllerAction(Array)
#5 C:\\wamp64\\www\\lumen\\vendor\\laravel\\lumen-framework\\src\\Concerns\\RoutesRequests.php(267): Laravel\\Lumen\\Application->callActionOnArrayBasedRoute(Array)
#6 C:\\wamp64\\www\\lumen\\vendor\\laravel\\lumen-framework\\src\\Concerns\\RoutesRequests.php(169): Laravel\\Lumen\\Application->handleFoundRoute(Array)
#7 C:\\wamp64\\www\\lumen\\vendor\\laravel\\lumen-framework\\src\\Concerns\\RoutesRequests.php(429): Laravel\\Lumen\\Application->Laravel\\Lumen\\Concerns\\{closure}(Object(Laravel\\Lumen\\Http\\Request))
#8 C:\\wamp64\\www\\lumen\\vendor\\laravel\\lumen-framework\\src\\Concerns\\RoutesRequests.php(175): Laravel\\Lumen\\Application->sendThroughPipeline(Array, Object(Closure))
#9 C:\\wamp64\\www\\lumen\\vendor\\laravel\\lumen-framework\\src\\Concerns\\RoutesRequests.php(112): Laravel\\Lumen\\Application->dispatch(NULL)
#10 C:\\wamp64\\www\\lumen\\public\\index.php(28): Laravel\\Lumen\\Application->run()
#11 {main}

[previous exception] [object] (ReflectionException(code: -1): Class \"App\\Http\\Controllers\\BooksController\" does not exist at C:\\wamp64\\www\\lumen\\vendor\\illuminate\\container\\Container.php:877)
[stacktrace]
#0 C:\\wamp64\\www\\lumen\\vendor\\illuminate\\container\\Container.php(877): ReflectionClass->__construct('App\\\\Http\\\\Contro...')
#1 C:\\wamp64\\www\\lumen\\vendor\\illuminate\\container\\Container.php(758): Illuminate\\Container\\Container->build('App\\\\Http\\\\Contro...')
#2 C:\\wamp64\\www\\lumen\\vendor\\illuminate\\container\\Container.php(694): Illuminate\\Container\\Container->resolve('App\\\\Http\\\\Contro...', Array)
#3 C:\\wamp64\\www\\lumen\\vendor\\laravel\\lumen-framework\\src\\Application.php(300): Illuminate\\Container\\Container->make('App\\\\Http\\\\Contro...', Array)
#4 C:\\wamp64\\www\\lumen\\vendor\\laravel\\lumen-framework\\src\\Concerns\\RoutesRequests.php(324): Laravel\\Lumen\\Application->make('App\\\\Http\\\\Contro...')
#5 C:\\wamp64\\www\\lumen\\vendor\\laravel\\lumen-framework\\src\\Concerns\\RoutesRequests.php(282): Laravel\\Lumen\\Application->callControllerAction(Array)
#6 C:\\wamp64\\www\\lumen\\vendor\\laravel\\lumen-framework\\src\\Concerns\\RoutesRequests.php(267): Laravel\\Lumen\\Application->callActionOnArrayBasedRoute(Array)
#7 C:\\wamp64\\www\\lumen\\vendor\\laravel\\lumen-framework\\src\\Concerns\\RoutesRequests.php(169): Laravel\\Lumen\\Application->handleFoundRoute(Array)
#8 C:\\wamp64\\www\\lumen\\vendor\\laravel\\lumen-framework\\src\\Concerns\\RoutesRequests.php(429): Laravel\\Lumen\\Application->Laravel\\Lumen\\Concerns\\{closure}(Object(Laravel\\Lumen\\Http\\Request))
#9 C:\\wamp64\\www\\lumen\\vendor\\laravel\\lumen-framework\\src\\Concerns\\RoutesRequests.php(175): Laravel\\Lumen\\Application->sendThroughPipeline(Array, Object(Closure))
#10 C:\\wamp64\\www\\lumen\\vendor\\laravel\\lumen-framework\\src\\Concerns\\RoutesRequests.php(112): Laravel\\Lumen\\Application->dispatch(NULL)
#11 C:\\wamp64\\www\\lumen\\public\\index.php(28): Laravel\\Lumen\\Application->run()
#12 {main}
"} 
[2024-03-11 19:29:44] local.ERROR: Class "App\Http\Controllers\Books" not found {"exception":"[object] (Error(code: 0): Class \"App\\Http\\Controllers\\Books\" not found at C:\\wamp64\\www\\lumen\\app\\Http\\Controllers\\BookController.php:23)
[stacktrace]
#0 C:\\wamp64\\www\\lumen\\vendor\\illuminate\\container\\BoundMethod.php(36): App\\Http\\Controllers\\BookController->getAll()
#1 C:\\wamp64\\www\\lumen\\vendor\\illuminate\\container\\Util.php(40): Illuminate\\Container\\BoundMethod::Illuminate\\Container\\{closure}()
#2 C:\\wamp64\\www\\lumen\\vendor\\illuminate\\container\\BoundMethod.php(93): Illuminate\\Container\\Util::unwrapIfClosure(Object(Closure))
#3 C:\\wamp64\\www\\lumen\\vendor\\illuminate\\container\\BoundMethod.php(37): Illuminate\\Container\\BoundMethod::callBoundMethod(Object(Laravel\\Lumen\\Application), Array, Object(Closure))
#4 C:\\wamp64\\www\\lumen\\vendor\\illuminate\\container\\Container.php(653): Illuminate\\Container\\BoundMethod::call(Object(Laravel\\Lumen\\Application), Array, Array, NULL)
#5 C:\\wamp64\\www\\lumen\\vendor\\laravel\\lumen-framework\\src\\Concerns\\RoutesRequests.php(389): Illuminate\\Container\\Container->call(Array, Array)
#6 C:\\wamp64\\www\\lumen\\vendor\\laravel\\lumen-framework\\src\\Concerns\\RoutesRequests.php(355): Laravel\\Lumen\\Application->callControllerCallable(Array, Array)
#7 C:\\wamp64\\www\\lumen\\vendor\\laravel\\lumen-framework\\src\\Concerns\\RoutesRequests.php(329): Laravel\\Lumen\\Application->callLumenController(Object(App\\Http\\Controllers\\BookController), 'getAll', Array)
#8 C:\\wamp64\\www\\lumen\\vendor\\laravel\\lumen-framework\\src\\Concerns\\RoutesRequests.php(282): Laravel\\Lumen\\Application->callControllerAction(Array)
#9 C:\\wamp64\\www\\lumen\\vendor\\laravel\\lumen-framework\\src\\Concerns\\RoutesRequests.php(267): Laravel\\Lumen\\Application->callActionOnArrayBasedRoute(Array)
#10 C:\\wamp64\\www\\lumen\\vendor\\laravel\\lumen-framework\\src\\Concerns\\RoutesRequests.php(169): Laravel\\Lumen\\Application->handleFoundRoute(Array)
#11 C:\\wamp64\\www\\lumen\\vendor\\laravel\\lumen-framework\\src\\Concerns\\RoutesRequests.php(429): Laravel\\Lumen\\Application->Laravel\\Lumen\\Concerns\\{closure}(Object(Laravel\\Lumen\\Http\\Request))
#12 C:\\wamp64\\www\\lumen\\vendor\\laravel\\lumen-framework\\src\\Concerns\\RoutesRequests.php(175): Laravel\\Lumen\\Application->sendThroughPipeline(Array, Object(Closure))
#13 C:\\wamp64\\www\\lumen\\vendor\\laravel\\lumen-framework\\src\\Concerns\\RoutesRequests.php(112): Laravel\\Lumen\\Application->dispatch(NULL)
#14 C:\\wamp64\\www\\lumen\\public\\index.php(28): Laravel\\Lumen\\Application->run()
#15 {main}
"} 
[2024-03-11 19:44:46] local.ERROR: Class "App\Http\Controllers\Books" not found {"exception":"[object] (Error(code: 0): Class \"App\\Http\\Controllers\\Books\" not found at C:\\wamp64\\www\\lumen\\app\\Http\\Controllers\\BookController.php:23)
[stacktrace]
#0 C:\\wamp64\\www\\lumen\\vendor\\illuminate\\container\\BoundMethod.php(36): App\\Http\\Controllers\\BookController->getAll()
#1 C:\\wamp64\\www\\lumen\\vendor\\illuminate\\container\\Util.php(40): Illuminate\\Container\\BoundMethod::Illuminate\\Container\\{closure}()
#2 C:\\wamp64\\www\\lumen\\vendor\\illuminate\\container\\BoundMethod.php(93): Illuminate\\Container\\Util::unwrapIfClosure(Object(Closure))
#3 C:\\wamp64\\www\\lumen\\vendor\\illuminate\\container\\BoundMethod.php(37): Illuminate\\Container\\BoundMethod::callBoundMethod(Object(Laravel\\Lumen\\Application), Array, Object(Closure))
#4 C:\\wamp64\\www\\lumen\\vendor\\illuminate\\container\\Container.php(653): Illuminate\\Container\\BoundMethod::call(Object(Laravel\\Lumen\\Application), Array, Array, NULL)
#5 C:\\wamp64\\www\\lumen\\vendor\\laravel\\lumen-framework\\src\\Concerns\\RoutesRequests.php(389): Illuminate\\Container\\Container->call(Array, Array)
#6 C:\\wamp64\\www\\lumen\\vendor\\laravel\\lumen-framework\\src\\Concerns\\RoutesRequests.php(355): Laravel\\Lumen\\Application->callControllerCallable(Array, Array)
#7 C:\\wamp64\\www\\lumen\\vendor\\laravel\\lumen-framework\\src\\Concerns\\RoutesRequests.php(329): Laravel\\Lumen\\Application->callLumenController(Object(App\\Http\\Controllers\\BookController), 'getAll', Array)
#8 C:\\wamp64\\www\\lumen\\vendor\\laravel\\lumen-framework\\src\\Concerns\\RoutesRequests.php(282): Laravel\\Lumen\\Application->callControllerAction(Array)
#9 C:\\wamp64\\www\\lumen\\vendor\\laravel\\lumen-framework\\src\\Concerns\\RoutesRequests.php(267): Laravel\\Lumen\\Application->callActionOnArrayBasedRoute(Array)
#10 C:\\wamp64\\www\\lumen\\vendor\\laravel\\lumen-framework\\src\\Concerns\\RoutesRequests.php(169): Laravel\\Lumen\\Application->handleFoundRoute(Array)
#11 C:\\wamp64\\www\\lumen\\vendor\\laravel\\lumen-framework\\src\\Concerns\\RoutesRequests.php(429): Laravel\\Lumen\\Application->Laravel\\Lumen\\Concerns\\{closure}(Object(Laravel\\Lumen\\Http\\Request))
#12 C:\\wamp64\\www\\lumen\\vendor\\laravel\\lumen-framework\\src\\Concerns\\RoutesRequests.php(175): Laravel\\Lumen\\Application->sendThroughPipeline(Array, Object(Closure))
#13 C:\\wamp64\\www\\lumen\\vendor\\laravel\\lumen-framework\\src\\Concerns\\RoutesRequests.php(112): Laravel\\Lumen\\Application->dispatch(NULL)
#14 C:\\wamp64\\www\\lumen\\public\\index.php(28): Laravel\\Lumen\\Application->run()
#15 {main}
"} 
[2024-03-11 19:44:50] local.ERROR: Class "App\Http\Controllers\Books" not found {"exception":"[object] (Error(code: 0): Class \"App\\Http\\Controllers\\Books\" not found at C:\\wamp64\\www\\lumen\\app\\Http\\Controllers\\BookController.php:23)
[stacktrace]
#0 C:\\wamp64\\www\\lumen\\vendor\\illuminate\\container\\BoundMethod.php(36): App\\Http\\Controllers\\BookController->getAll()
#1 C:\\wamp64\\www\\lumen\\vendor\\illuminate\\container\\Util.php(40): Illuminate\\Container\\BoundMethod::Illuminate\\Container\\{closure}()
#2 C:\\wamp64\\www\\lumen\\vendor\\illuminate\\container\\BoundMethod.php(93): Illuminate\\Container\\Util::unwrapIfClosure(Object(Closure))
#3 C:\\wamp64\\www\\lumen\\vendor\\illuminate\\container\\BoundMethod.php(37): Illuminate\\Container\\BoundMethod::callBoundMethod(Object(Laravel\\Lumen\\Application), Array, Object(Closure))
#4 C:\\wamp64\\www\\lumen\\vendor\\illuminate\\container\\Container.php(653): Illuminate\\Container\\BoundMethod::call(Object(Laravel\\Lumen\\Application), Array, Array, NULL)
#5 C:\\wamp64\\www\\lumen\\vendor\\laravel\\lumen-framework\\src\\Concerns\\RoutesRequests.php(389): Illuminate\\Container\\Container->call(Array, Array)
#6 C:\\wamp64\\www\\lumen\\vendor\\laravel\\lumen-framework\\src\\Concerns\\RoutesRequests.php(355): Laravel\\Lumen\\Application->callControllerCallable(Array, Array)
#7 C:\\wamp64\\www\\lumen\\vendor\\laravel\\lumen-framework\\src\\Concerns\\RoutesRequests.php(329): Laravel\\Lumen\\Application->callLumenController(Object(App\\Http\\Controllers\\BookController), 'getAll', Array)
#8 C:\\wamp64\\www\\lumen\\vendor\\laravel\\lumen-framework\\src\\Concerns\\RoutesRequests.php(282): Laravel\\Lumen\\Application->callControllerAction(Array)
#9 C:\\wamp64\\www\\lumen\\vendor\\laravel\\lumen-framework\\src\\Concerns\\RoutesRequests.php(267): Laravel\\Lumen\\Application->callActionOnArrayBasedRoute(Array)
#10 C:\\wamp64\\www\\lumen\\vendor\\laravel\\lumen-framework\\src\\Concerns\\RoutesRequests.php(169): Laravel\\Lumen\\Application->handleFoundRoute(Array)
#11 C:\\wamp64\\www\\lumen\\vendor\\laravel\\lumen-framework\\src\\Concerns\\RoutesRequests.php(429): Laravel\\Lumen\\Application->Laravel\\Lumen\\Concerns\\{closure}(Object(Laravel\\Lumen\\Http\\Request))
#12 C:\\wamp64\\www\\lumen\\vendor\\laravel\\lumen-framework\\src\\Concerns\\RoutesRequests.php(175): Laravel\\Lumen\\Application->sendThroughPipeline(Array, Object(Closure))
#13 C:\\wamp64\\www\\lumen\\vendor\\laravel\\lumen-framework\\src\\Concerns\\RoutesRequests.php(112): Laravel\\Lumen\\Application->dispatch(NULL)
#14 C:\\wamp64\\www\\lumen\\public\\index.php(28): Laravel\\Lumen\\Application->run()
#15 {main}
"} 
